Building DAG of jobs...
Using shell: /bin/bash
Provided cores: 8
Rules claiming more threads will be scaled down.
Job counts:
	count	jobs
	1	align
	1	all
	1	ancestral
	1	export
	1	filter
	1	index_sequences
	1	refine
	1	traits
	1	translate
	1	tree
	10

[Mon Aug 15 12:34:11 2022]
Job 9: 
        Creating an index of sequence composition for filtering.
        


        augur index             --sequences data/sequences.fasta             --output results/sequence_index.tsv
        
[Mon Aug 15 12:34:13 2022]
Finished job 9.
1 of 10 steps (10%) done

[Mon Aug 15 12:34:13 2022]
Job 8: 
        Filtering to
          - 20 sequence(s) per country date
          - from 1900 onwards
          - excluding strains in config/dropped_strains.txt
        


        augur filter             --sequences data/sequences.fasta             --sequence-index results/sequence_index.tsv             --metadata data/metadata.tsv             --exclude config/dropped_strains.txt             --output results/filtered.fasta             --group-by country date 			--sequences-per-group 20             --min-date 1900
        
[Mon Aug 15 12:34:14 2022]
Finished job 8.
2 of 10 steps (20%) done

[Mon Aug 15 12:34:14 2022]
Job 7: 
        Aligning sequences to config/marburg-reference.gb
          - filling gaps with N
        


        augur align             --sequences results/filtered.fasta             --reference-sequence config/marburg-reference.gb             --output results/aligned.fasta             --fill-gaps
        
[Mon Aug 15 12:34:26 2022]
Finished job 7.
3 of 10 steps (30%) done

[Mon Aug 15 12:34:26 2022]
Job 6: Building tree


        augur tree             --alignment results/aligned.fasta             --output results/tree_raw.nwk
        
[Mon Aug 15 12:34:28 2022]
Finished job 6.
4 of 10 steps (40%) done

[Mon Aug 15 12:34:28 2022]
Job 2: 
        Refining tree
          - estimate timetree
          - use opt coalescent timescale
          - estimate marginal node dates
          - filter tips more than 4 IQDs from clock expectation
        


        augur refine             --tree results/tree_raw.nwk             --alignment results/aligned.fasta             --metadata data/metadata.tsv             --output-tree results/tree.nwk             --output-node-data results/branch_lengths.json             --timetree             --coalescent opt             --date-confidence             --date-inference marginal             --clock-filter-iqd 4
        
[Mon Aug 15 12:35:58 2022]
Finished job 2.
5 of 10 steps (50%) done

[Mon Aug 15 12:35:58 2022]
Job 4: Reconstructing ancestral sequences and mutations


        augur ancestral             --tree results/tree.nwk             --alignment results/aligned.fasta             --output-node-data results/nt_muts.json             --inference joint
        

[Mon Aug 15 12:35:58 2022]
Job 3: Inferring ancestral traits for country


        augur traits             --tree results/tree.nwk             --metadata data/metadata.tsv             --output-node-data results/traits.json             --columns country             --confidence
        
[Mon Aug 15 12:36:00 2022]
Finished job 3.
6 of 10 steps (60%) done
[Mon Aug 15 12:36:02 2022]
Finished job 4.
7 of 10 steps (70%) done

[Mon Aug 15 12:36:02 2022]
Job 5: Translating amino acid sequences


        augur translate             --tree results/tree.nwk             --ancestral-sequences results/nt_muts.json             --reference-sequence config/marburg-reference.gb             --output-node-data results/aa_muts.json         
[Mon Aug 15 12:36:03 2022]
Finished job 5.
8 of 10 steps (80%) done

[Mon Aug 15 12:36:03 2022]
Job 1: Exporting data files for for auspice


        augur export v2             --tree results/tree.nwk             --metadata data/metadata.tsv             --node-data results/branch_lengths.json results/traits.json results/nt_muts.json results/aa_muts.json             --colors config/colors.tsv             --auspice-config config/auspice_config.json             --output auspice/marburg.json
        
[Mon Aug 15 12:36:05 2022]
Finished job 1.
9 of 10 steps (90%) done

[Mon Aug 15 12:36:05 2022]
localrule all:
    input: auspice/marburg.json
    jobid: 0

[Mon Aug 15 12:36:05 2022]
Finished job 0.
10 of 10 steps (100%) done
Complete log: /nextstrain/build/.snakemake/log/2022-08-15T123411.912172.snakemake.log
