Building DAG of jobs...
Using shell: /bin/bash
Provided cores: 1 (use --cores to define parallelism)
Rules claiming more threads will be scaled down.
Job counts:
	count	jobs
	1	align
	1	all
	1	ancestral
	1	export
	1	filter
	1	refine
	1	traits
	1	translate
	1	tree
	9

[Mon Aug 15 10:49:17 2022]
Job 8: 
        Filtering to
          - 20 sequence(s) per country date
          - from 1900 onwards
          - excluding strains in config/dropped_strains.txt
        


        augur filter             --sequences data/sequences.fasta             --sequence-index results/sequence_index.tsv             --metadata data/metadata.tsv             --exclude config/dropped_strains.txt             --output results/filtered.fasta             --group-by country date 			--sequences-per-group 20             --min-date 1900
        
[Mon Aug 15 10:49:21 2022]
Finished job 8.
1 of 9 steps (11%) done

[Mon Aug 15 10:49:21 2022]
Job 7: 
        Aligning sequences to config/marburg-reference.gb
          - filling gaps with N
        


        augur align             --sequences results/filtered.fasta             --reference-sequence config/marburg-reference.gb             --output results/aligned.fasta             --fill-gaps
        
[Mon Aug 15 10:49:34 2022]
Finished job 7.
2 of 9 steps (22%) done

[Mon Aug 15 10:49:34 2022]
Job 6: Building tree


        augur tree             --alignment results/aligned.fasta             --output results/tree_raw.nwk
        
[Mon Aug 15 10:49:39 2022]
Finished job 6.
3 of 9 steps (33%) done

[Mon Aug 15 10:49:39 2022]
Job 2: 
        Refining tree
          - estimate timetree
          - use opt coalescent timescale
          - estimate marginal node dates
          - filter tips more than 4 IQDs from clock expectation
        


        augur refine             --tree results/tree_raw.nwk             --alignment results/aligned.fasta             --metadata data/metadata.tsv             --output-tree results/tree.nwk             --output-node-data results/branch_lengths.json             --timetree             --coalescent opt             --date-confidence             --date-inference marginal             --clock-filter-iqd 4
        
[Mon Aug 15 10:49:42 2022]
Error in rule refine:
    jobid: 2
    output: results/tree.nwk, results/branch_lengths.json
    shell:
        
        augur refine             --tree results/tree_raw.nwk             --alignment results/aligned.fasta             --metadata data/metadata.tsv             --output-tree results/tree.nwk             --output-node-data results/branch_lengths.json             --timetree             --coalescent opt             --date-confidence             --date-inference marginal             --clock-filter-iqd 4
        
        (one of the commands exited with non-zero exit code; note that snakemake uses bash strict mode!)

Shutting down, this might take some time.
Exiting because a job execution failed. Look above for error message
Complete log: /nextstrain/build/.snakemake/log/2022-08-15T104917.531580.snakemake.log
