Building DAG of jobs...
Using shell: /bin/bash
Provided cores: 1 (use --cores to define parallelism)
Rules claiming more threads will be scaled down.
Job counts:
	count	jobs
	1	all
	1	export
	2

[Mon Aug 15 11:14:11 2022]
Job 1: Exporting data files for for auspice


        augur export v2             --tree results/tree.nwk             --metadata data/metadata.tsv             --node-data results/branch_lengths.json results/traits.json results/nt_muts.json results/aa_muts.json             --colors config/colors.tsv             --output auspice/marburg.json
        
[Mon Aug 15 11:14:15 2022]
Finished job 1.
1 of 2 steps (50%) done

[Mon Aug 15 11:14:15 2022]
localrule all:
    input: auspice/marburg.json
    jobid: 0

[Mon Aug 15 11:14:15 2022]
Finished job 0.
2 of 2 steps (100%) done
Complete log: /nextstrain/build/.snakemake/log/2022-08-15T111411.634099.snakemake.log
