Building DAG of jobs...
Using shell: /bin/bash
Provided cores: 1 (use --cores to define parallelism)
Rules claiming more threads will be scaled down.
Job counts:
	count	jobs
	1	all
	1	export
	2

[Mon Aug 15 11:09:39 2022]
Job 1: Exporting data files for for auspice


        augur export v2             --tree results/tree.nwk             --metadata data/metadata.tsv             --node-data results/branch_lengths.json results/traits.json results/nt_muts.json results/aa_muts.json             --colors config/colors.tsv             --output auspice/marburg.json
        
Terminating processes on user request, this might take some time.
[Mon Aug 15 11:09:44 2022]
Error in rule export:
    jobid: 1
    output: auspice/marburg.json
    shell:
        
        augur export v2             --tree results/tree.nwk             --metadata data/metadata.tsv             --node-data results/branch_lengths.json results/traits.json results/nt_muts.json results/aa_muts.json             --colors config/colors.tsv             --output auspice/marburg.json
        
        (one of the commands exited with non-zero exit code; note that snakemake uses bash strict mode!)

Removing output files of failed job export since they might be corrupted:
auspice/marburg.json
Complete log: /nextstrain/build/.snakemake/log/2022-08-15T110939.523855.snakemake.log
