Building DAG of jobs...
Using shell: /bin/bash
Provided cores: 1 (use --cores to define parallelism)
Rules claiming more threads will be scaled down.
Job counts:
	count	jobs
	1	align
	1	all
	1	ancestral
	1	export
	1	filter
	1	index_sequences
	1	refine
	1	traits
	1	translate
	1	tree
	10

[Mon Aug 15 11:07:17 2022]
Job 9: 
        Creating an index of sequence composition for filtering.
        


        augur index             --sequences data/sequences.fasta             --output results/sequence_index.tsv
        
[Mon Aug 15 11:07:21 2022]
Finished job 9.
1 of 10 steps (10%) done

[Mon Aug 15 11:07:21 2022]
Job 8: 
        Filtering to
          - 20 sequence(s) per country year month
          - from 1900 onwards
          - excluding strains in config/dropped_strains.txt
        


        augur filter             --sequences data/sequences.fasta             --sequence-index results/sequence_index.tsv             --metadata data/metadata.tsv             --exclude config/dropped_strains.txt             --output results/filtered.fasta             --group-by country year month 			--sequences-per-group 20             --min-date 1900
        
[Mon Aug 15 11:07:25 2022]
Finished job 8.
2 of 10 steps (20%) done

[Mon Aug 15 11:07:25 2022]
Job 7: 
        Aligning sequences to config/marburg-reference.gb
          - filling gaps with N
        


        augur align             --sequences results/filtered.fasta             --reference-sequence config/marburg-reference.gb             --output results/aligned.fasta             --fill-gaps
        
[Mon Aug 15 11:07:36 2022]
Finished job 7.
3 of 10 steps (30%) done

[Mon Aug 15 11:07:36 2022]
Job 6: Building tree


        augur tree             --alignment results/aligned.fasta             --output results/tree_raw.nwk
        
[Mon Aug 15 11:07:39 2022]
Finished job 6.
4 of 10 steps (40%) done

[Mon Aug 15 11:07:39 2022]
Job 2: 
        Refining tree
          - estimate timetree
          - use opt coalescent timescale
          - estimate marginal node dates
          - filter tips more than 4 IQDs from clock expectation
        


        augur refine             --tree results/tree_raw.nwk             --alignment results/aligned.fasta             --metadata data/metadata.tsv             --output-tree results/tree.nwk             --output-node-data results/branch_lengths.json             --timetree             --coalescent opt             --date-confidence             --date-inference marginal             --clock-filter-iqd 4
        
[Mon Aug 15 11:08:31 2022]
Finished job 2.
5 of 10 steps (50%) done

[Mon Aug 15 11:08:31 2022]
Job 4: Reconstructing ancestral sequences and mutations


        augur ancestral             --tree results/tree.nwk             --alignment results/aligned.fasta             --output-node-data results/nt_muts.json             --inference joint
        
[Mon Aug 15 11:08:37 2022]
Finished job 4.
6 of 10 steps (60%) done

[Mon Aug 15 11:08:37 2022]
Job 5: Translating amino acid sequences


        augur translate             --tree results/tree.nwk             --ancestral-sequences results/nt_muts.json             --reference-sequence config/marburg-reference.gb             --output-node-data results/aa_muts.json         
[Mon Aug 15 11:08:41 2022]
Finished job 5.
7 of 10 steps (70%) done

[Mon Aug 15 11:08:41 2022]
Job 3: Inferring ancestral traits for region country


        augur traits             --tree results/tree.nwk             --metadata data/metadata.tsv             --output-node-data results/traits.json             --columns region country             --confidence
        
[Mon Aug 15 11:08:45 2022]
Finished job 3.
8 of 10 steps (80%) done

[Mon Aug 15 11:08:45 2022]
Job 1: Exporting data files for for auspice

RuleException in line 181 of /nextstrain/build/Snakefile:
'InputFiles' object has no attribute 'auspice_config'
