IQ-TREE multicore version 2.0.3 for Linux 64-bit built Dec 20 2020
Developed by Bui Quang Minh, Nguyen Lam Tung, Olga Chernomor,
Heiko Schmidt, Dominik Schrempf, Michael Woodhams.

Host:    DESKTOP-TANFPAR (AVX2, FMA3, 100 GB RAM)
Command: iqtree -s sequences.aln -m GTR -B 1000 --date sample-dates-format.tsv
Seed:    273510 (Using SPRNG - Scalable Parallel Random Number Generator)
Time:    Tue Aug 16 20:04:54 2022
Kernel:  AVX+FMA - 1 threads (16 CPU cores detected)

HINT: Use -nt option to specify number of threads because your CPU has 16 cores!
HINT: -nt AUTO will automatically determine the best number of threads to use.

Reading alignment file sequences.aln ... Fasta format detected
Alignment most likely contains DNA/RNA sequences
Alignment has 62 sequences with 19115 columns, 992 distinct patterns
2981 parsimony-informative, 806 singleton sites, 15328 constant sites
                                                                         Gap/Ambiguity  Composition  p-value
   1  DQ447651|05DRC99|1999-05-XX                                                0.01%    passed     99.32%
   2  JX458839|MARV/H.sapiens-tc/COD/2000/16DRC|2000-XX-XX                       0.01%    passed     98.85%
   3  JX458838|MARV/H.sapiens-tc/COD/2000/17DRC|2000-XX-XX                       0.01%    passed     98.85%
   4  JX458840|MARV/H.sapiens-tc/COD/2000/12DRC|2000-XX-XX                       0.01%    passed     98.85%
   5  JX458842|MARV/H.sapiens-tc/COD/2000/18DRC|2000-XX-XX                       0.01%    passed     98.96%
   6  JX458843|MARV/H.sapiens-tc/COD/2000/21DRC|2000-XX-XX                       0.01%    passed     99.06%
   7  JX458841|MARV/H.sapiens-tc/COD/2000/20DRC|2000-XX-XX                       0.01%    passed     98.96%
   8  JX458848|MARV/H.sapiens-tc/COD/2000/22DRC|2000-XX-XX                       0.01%    passed     99.13%
   9  JX458844|MARV/H.sapiens-tc/COD/2000/26DRC|2000-XX-XX                       0.01%    passed     99.14%
  10  JX458836|MARV/H.sapiens-tc/COD/2000/29DRC|2000-XX-XX                       0.01%    passed     98.88%
  11  JX458837|MARV/H.sapiens-tc/COD/2000/27DRC|2000-XX-XX                       0.01%    passed     99.13%
  12  JX458845|MARV/H.sapiens-tc/COD/2000/13DRC|2000-XX-XX                       0.01%    passed     98.65%
  13  JX458846|MARV/H.sapiens-tc/COD/2000/28DRC|2000-XX-XX                       0.01%    passed     99.21%
  14  JX458847|MARV/H.sapiens-tc/COD/2000/15DRC|2000-XX-XX                       0.01%    passed     98.90%
  15  JX458850|MARV/H.sapiens-tc/COD/2000/33DRC|2000-XX-XX                       0.01%    passed     99.58%
  16  JX458849|MARV/H.sapiens-tc/COD/2000/25DRC|2000-XX-XX                       0.01%    passed     99.44%
  17  JX458834|MARV/H.sapiens-tc/COD/2000/24DRC|2000-XX-XX                       0.01%    passed     99.92%
  18  JX458835|MARV/H.sapiens-tc/COD/2000/23DRC|2000-XX-XX                       0.01%    passed     99.92%
  19  DQ447650|07DRC99|1999-05-XX                                                0.01%    passed     99.95%
  20  JX458830|MARV/H.sapiens-tc/COD/1999/06DRC|1999-XX-XX                       0.01%    passed     99.95%
  21  JX458831|MARV/H.sapiens-tc/COD/2000/14DRC|2000-XX-XX                       0.01%    passed     99.89%
  22  JX458832|MARV/H.sapiens-tc/COD/2000/30DRC|2000-XX-XX                       0.01%    passed    100.00%
  23  JX458833|MARV/H.sapiens-tc/COD/1999/01DRC|1999-XX-XX                       0.01%    passed     99.83%
  24  JX458826|MARV/H.sapiens-tc/COD/1999/03DRC|1999-XX-XX                       0.01%    passed     99.76%
  25  JX458825|MARV/H.sapiens-tc/COD/1999/04DRC|1999-XX-XX                       0.01%    passed     99.40%
  26  JX458828|MARV/H.sapiens-tc/COD/2000/19DRC|2000-XX-XX                       0.01%    passed     99.76%
  27  JX458827|MARV/H.sapiens-tc/COD/2000/32DRC|2000-XX-XX                       0.01%    passed     99.66%
  28  JX458829|MARV/H.sapiens-tc/COD/2000/34DRC|2000-XX-XX                       0.01%    passed     99.91%
  29  FJ750958|Uganda371Bat2007|2007-XX-XX                                       0.01%    passed     98.91%
  30  FJ750959|Uganda331Bat2007|2007-XX-XX                                       0.01%    passed     99.19%
  31  JX458854|MARV/R.aegyptiacus-tc/UGA/2009/1175Qbat|2009-XX-XX                0.01%    passed     99.88%
  32  JX458852|MARV/R.aegyptiacus-tc/UGA/2008/53Qbat|2008-XX-XX                  0.01%    passed     99.27%
  33  FJ750957|Uganda01Uga07|2007-XX-XX                                          0.01%    passed     99.32%
  34  JX458855|MARV/R.aegyptiacus-tc/UGA/2009/843Qbat|2009-XX-XX                 0.01%    passed     98.88%
  35  JX458856|MARV/R.aegyptiacus-tc/UGA/2009/914Qbat|2009-XX-XX                 0.01%    passed     99.38%
  36  DQ447658|Ang0215|2005-04-XX                                                0.01%    passed     96.65%
  37  DQ447655|Ang1386|2005-03-XX                                                0.01%    passed     96.28%
  38  DQ447653|Ang1379c|2005-03-XX                                               0.01%    passed     96.41%
  39  DQ447656|Ang0126|2005-04-XX                                                0.01%    passed     96.51%
  40  DQ447654|Ang1381|2005-03-XX                                                0.01%    passed     96.40%
  41  DQ447660|Ang0998|2005-05-XX                                                0.01%    passed     95.16%
  42  DQ447657|Ang0214|2005-04-XX                                                0.01%    passed     96.53%
  43  KR867677|Marburgvirus/H.sapiens-tc/AGO/2005/Angola-200501379|2005-13-03    0.01%    passed     96.09%
  44  KR063674|Marburgvirus/H.sapiens-tc/AGO/2005/Angola-810820|2005-13-03       0.01%    passed     96.09%
  45  KY047763|Marburgvirus/H.sapiens-tc/AGO/2005/Angola-368|2005-XX-XX          0.00%    passed     96.55%
  46  DQ447659|Ang0754|2005-04-XX                                                0.01%    passed     96.51%
  47  KU978782|Angolaprototype20051379|2005-01-01                                0.11%    passed     95.58%
  48  OL702894|MARV001|2021-09-08                                                0.30%    passed     98.04%
  49  Ghana-MV-22-106|2022-06-XX                                                 1.61%    passed     87.68%
  50  Ghana-MV-22-114C|2022-06-XX                                                0.35%    passed     97.33%
  51  MN258361|PREDICT_SLAB3960Kakbat_SL_2017|2017-12-06                         0.08%    passed     82.58%
  52  MN187403|1000KasbatSL2018|2018-XX-XX                                       0.11%    passed     99.72%
  53  MN187404|968KasbatSL2018|2018-XX-XX                                        0.11%    passed     99.72%
  54  MN187405|960KasbatSL2018|2018-XX-XX                                        0.11%    passed     99.72%
  55  MN187406|960LNKasbatSL2018|2018-XX-XX                                      0.11%    passed     99.72%
  56  EF446132|Germany_Marburg|1967-XX-XX                                        0.02%    passed     92.85%
  57  JN408064|Leiden|2008-XX-XX                                                 0.01%    passed     97.79%
  58  JX458853|MARV/R.aegyptiacus-tc/UGA/2008/164Qbat|2008-XX-XX                 0.01%    passed     99.74%
  59  JX458858|MARV/R.aegyptiacus-tc/UGA/2009/1328Qbat|2009-XX-XX                0.01%    passed     99.52%
  60  KC545388|Mbg-423-2012|2012-XX-XX                                           0.01%    passed     96.17%
  61  KC545387|Mbg-422-2012|2012-XX-XX                                           0.01%    passed     96.17%
  62  JX458851|MARV/H.sapiens-tc/COD/1999/02DRC|1999-XX-XX                       0.01%    passed     99.99%
****  TOTAL                                                                      0.05%  0 sequences failed composition chi2 test (p-value<5%; df=3)
NOTE: JX458838|MARV/H.sapiens-tc/COD/2000/17DRC|2000-XX-XX is identical to JX458839|MARV/H.sapiens-tc/COD/2000/16DRC|2000-XX-XX but kept for subsequent analysis
NOTE: JX458835|MARV/H.sapiens-tc/COD/2000/23DRC|2000-XX-XX is identical to JX458834|MARV/H.sapiens-tc/COD/2000/24DRC|2000-XX-XX but kept for subsequent analysis
NOTE: JX458830|MARV/H.sapiens-tc/COD/1999/06DRC|1999-XX-XX is identical to DQ447650|07DRC99|1999-05-XX but kept for subsequent analysis
NOTE: KR063674|Marburgvirus/H.sapiens-tc/AGO/2005/Angola-810820|2005-13-03 is identical to KR867677|Marburgvirus/H.sapiens-tc/AGO/2005/Angola-200501379|2005-13-03 but kept for subsequent analysis
NOTE: MN187404|968KasbatSL2018|2018-XX-XX is identical to MN187403|1000KasbatSL2018|2018-XX-XX but kept for subsequent analysis
NOTE: 3 identical sequences (see below) will be ignored for subsequent analysis
NOTE: JX458840|MARV/H.sapiens-tc/COD/2000/12DRC|2000-XX-XX (identical to JX458839|MARV/H.sapiens-tc/COD/2000/16DRC|2000-XX-XX) is ignored but added at the end
NOTE: MN187405|960KasbatSL2018|2018-XX-XX (identical to MN187403|1000KasbatSL2018|2018-XX-XX) is ignored but added at the end
NOTE: MN187406|960LNKasbatSL2018|2018-XX-XX (identical to MN187403|1000KasbatSL2018|2018-XX-XX) is ignored but added at the end
Alignment was printed to sequences.aln.uniqueseq.phy

For your convenience alignment with unique sequences printed to sequences.aln.uniqueseq.phy
Creating fast initial parsimony tree by random order stepwise addition...
0.006 seconds, parsimony score: 4616 (based on 3787 sites)
Generating 1000 samples for ultrafast bootstrap (seed: 273510)...

NOTE: 5 MB RAM (0 GB) is required!
Estimate model parameters (epsilon = 0.100)
1. Initial log-likelihood: -57157.030
2. Current log-likelihood: -54315.298
3. Current log-likelihood: -53906.141
4. Current log-likelihood: -53906.036
Optimal log-likelihood: -53906.035
Rate parameters:  A-C: 1.09920  A-G: 9.87942  A-T: 0.57042  C-G: 0.06636  C-T: 12.69076  G-T: 1.00000
Base frequencies:  A: 0.324  C: 0.197  G: 0.186  T: 0.293
Parameters optimization took 4 rounds (0.160 sec)
Computing ML distances based on estimated model parameters... 0.022 sec
Computing BIONJ tree...
0.001 seconds
Log-likelihood of BIONJ tree: -53904.180
--------------------------------------------------------------------
|             INITIALIZING CANDIDATE TREE SET                      |
--------------------------------------------------------------------
Generating 98 parsimony trees... 0.752 second
Computing log-likelihood of 98 initial trees ... 0.315 seconds
Current best score: -53903.809

Do NNI search on 20 best initial trees
Estimate model parameters (epsilon = 0.100)
BETTER TREE FOUND at iteration 1: -53903.744
Iteration 10 / LogL: -53903.894 / Time: 0h:0m:1s
Iteration 20 / LogL: -53903.894 / Time: 0h:0m:2s
Finish initializing candidate tree set (18)
Current best tree score: -53903.744 / CPU time: 2.122
Number of iterations: 20
--------------------------------------------------------------------
|               OPTIMIZING CANDIDATE TREE SET                      |
--------------------------------------------------------------------
Iteration 30 / LogL: -53903.947 / Time: 0h:0m:3s (0h:0m:7s left)
Iteration 40 / LogL: -53903.775 / Time: 0h:0m:3s (0h:0m:5s left)
Iteration 50 / LogL: -53904.332 / Time: 0h:0m:4s (0h:0m:4s left)
Log-likelihood cutoff on original alignment: -53942.729
Iteration 60 / LogL: -53903.919 / Time: 0h:0m:5s (0h:0m:3s left)
Iteration 70 / LogL: -53903.886 / Time: 0h:0m:5s (0h:0m:2s left)
Iteration 80 / LogL: -53903.805 / Time: 0h:0m:6s (0h:0m:1s left)
Iteration 90 / LogL: -53903.933 / Time: 0h:0m:7s (0h:0m:0s left)
Iteration 100 / LogL: -53903.892 / Time: 0h:0m:7s (0h:0m:0s left)
Log-likelihood cutoff on original alignment: -53942.729
NOTE: Bootstrap correlation coefficient of split occurrence frequencies: 0.999
TREE SEARCH COMPLETED AFTER 102 ITERATIONS / Time: 0h:0m:8s

--------------------------------------------------------------------
|                    FINALIZING TREE SEARCH                        |
--------------------------------------------------------------------
Performs final model parameters optimization
Estimate model parameters (epsilon = 0.010)
1. Initial log-likelihood: -53903.744
Optimal log-likelihood: -53903.744
Rate parameters:  A-C: 1.09932  A-G: 9.87959  A-T: 0.57058  C-G: 0.06605  C-T: 12.69074  G-T: 1.00000
Base frequencies:  A: 0.324  C: 0.197  G: 0.186  T: 0.293
Parameters optimization took 1 rounds (0.017 sec)
BEST SCORE FOUND : -53903.744
Creating bootstrap support values...
Split supports printed to NEXUS file sequences.aln.splits.nex
Total tree length: 0.249

Total number of iterations: 102
CPU time used for tree search: 7.603 sec (0h:0m:7s)
Wall-clock time used for tree search: 7.783 sec (0h:0m:7s)
Total CPU time used: 7.954 sec (0h:0m:7s)
Total wall-clock time used: 8.134 sec (0h:0m:8s)

Computing bootstrap consensus tree...
Reading input file sequences.aln.splits.nex...
59 taxa and 259 splits.
Consensus tree written to sequences.aln.contree
Reading input trees file sequences.aln.contree
Log-likelihood of consensus tree: -53904.571

Analysis results written to: 
  IQ-TREE report:                sequences.aln.iqtree
  Maximum-likelihood tree:       sequences.aln.treefile
  Likelihood distances:          sequences.aln.mldist

Ultrafast bootstrap approximation results written to:
  Split support values:          sequences.aln.splits.nex
  Consensus tree:                sequences.aln.contree
  Screen log file:               sequences.aln.log

Reading date file sample-dates-format.tsv ...
62 dates extracted
Building time tree by least-square dating (LSD) with command:
lsd -i sequences.aln.timetree.subst -s 19115 -c -o sequences.aln.timetree -r a -d sequences.aln.timetree.date 

TREE 1
*PROCESSING:
Reading the tree ... 
Collapse 13 (over 60) internal branches having branch length <= 0.000 (settable via option -l)
Minimum branch length of time scaled tree (settable via option -u and -U): 0.012, rounded to 0.011 (4.000 days/365.000) using factor 365.000 (settable via option -R)
Estimating the root position on all branches using fast method ...
*WARNINGS:
- 21.3115% internal branches were collapsed.
*RESULTS:
- Dating results:
 rate 0.000154516, tMRCA 1718-03-15, objective function 0.290474

TOTAL ELAPSED TIME: 0.040 seconds
LSD results written to:
  LSD report:                  sequences.aln.timetree.lsd
  Time tree in nexus format:   sequences.aln.timetree.nex
  Time tree in newick format:  sequences.aln.timetree.nwk

Date and Time: Tue Aug 16 20:05:02 2022
