IQ-TREE multicore version 2.1.2 COVID-edition for Linux 64-bit built Oct 22 2020
Developed by Bui Quang Minh, James Barbetti, Nguyen Lam Tung,
Olga Chernomor, Heiko Schmidt, Dominik Schrempf, Michael Woodhams.

Host:    aee8dce45fb2 (AVX2, FMA3, 100 GB RAM)
Command: iqtree -nt 1 -s results/aligned-delim.fasta -m GTR -ninit 2 -n 2 -me 0.05
Seed:    610152 (Using SPRNG - Scalable Parallel Random Number Generator)
Time:    Tue Aug 16 20:00:19 2022
Kernel:  AVX+FMA - 1 threads (16 CPU cores detected)

HINT: Use -nt option to specify number of threads because your CPU has 16 cores!
HINT: -nt AUTO will automatically determine the best number of threads to use.

Reading alignment file results/aligned-delim.fasta ... Fasta format detected
Alignment most likely contains DNA/RNA sequences
Alignment has 59 sequences with 19111 columns, 1135 distinct patterns
2988 parsimony-informative, 1140 singleton sites, 14983 constant sites
                                                                                                                                                                                                                                     Gap/Ambiguity  Composition  p-value
   1  NC_001608.3                                                                                                                                                                                                                            0.00%    passed     98.01%
   2  EF446132_DELIM-DUGTRSPZLTQPEZBYXEZF_Germany_Marburg_DELIM-DUGTRSPZLTQPEZBYXEZF_1967-XX-XX                                                                                                                                              0.01%    passed     92.55%
   3  JN408064_DELIM-DUGTRSPZLTQPEZBYXEZF_Leiden_DELIM-DUGTRSPZLTQPEZBYXEZF_2008-XX-XX                                                                                                                                                       0.01%    passed     98.37%
   4  JX458853_DELIM-DUGTRSPZLTQPEZBYXEZF_MARV_DELIM-XCYRVSFECTDZRLNSHLKQ_R.aegyptiacus-tc_DELIM-XCYRVSFECTDZRLNSHLKQ_UGA_DELIM-XCYRVSFECTDZRLNSHLKQ_2008_DELIM-XCYRVSFECTDZRLNSHLKQ_164Qbat_DELIM-DUGTRSPZLTQPEZBYXEZF_2008-XX-XX           0.00%    passed     99.79%
   5  JX458858_DELIM-DUGTRSPZLTQPEZBYXEZF_MARV_DELIM-XCYRVSFECTDZRLNSHLKQ_R.aegyptiacus-tc_DELIM-XCYRVSFECTDZRLNSHLKQ_UGA_DELIM-XCYRVSFECTDZRLNSHLKQ_2009_DELIM-XCYRVSFECTDZRLNSHLKQ_1328Qbat_DELIM-DUGTRSPZLTQPEZBYXEZF_2009-XX-XX          0.00%    passed     99.59%
   6  KC545388_DELIM-DUGTRSPZLTQPEZBYXEZF_Mbg-423-2012_DELIM-DUGTRSPZLTQPEZBYXEZF_2012-XX-XX                                                                                                                                                 0.00%    passed     96.36%
   7  KC545387_DELIM-DUGTRSPZLTQPEZBYXEZF_Mbg-422-2012_DELIM-DUGTRSPZLTQPEZBYXEZF_2012-XX-XX                                                                                                                                                 0.00%    passed     96.36%
   8  JX458851_DELIM-DUGTRSPZLTQPEZBYXEZF_MARV_DELIM-XCYRVSFECTDZRLNSHLKQ_H.sapiens-tc_DELIM-XCYRVSFECTDZRLNSHLKQ_COD_DELIM-XCYRVSFECTDZRLNSHLKQ_1999_DELIM-XCYRVSFECTDZRLNSHLKQ_02DRC_DELIM-DUGTRSPZLTQPEZBYXEZF_1999-XX-XX                 0.00%    passed     99.99%
   9  DQ447658_DELIM-DUGTRSPZLTQPEZBYXEZF_Ang0215_DELIM-DUGTRSPZLTQPEZBYXEZF_2005-04-XX                                                                                                                                                      0.00%    passed     96.59%
  10  DQ447655_DELIM-DUGTRSPZLTQPEZBYXEZF_Ang1386_DELIM-DUGTRSPZLTQPEZBYXEZF_2005-03-XX                                                                                                                                                      0.00%    passed     96.21%
  11  DQ447653_DELIM-DUGTRSPZLTQPEZBYXEZF_Ang1379c_DELIM-DUGTRSPZLTQPEZBYXEZF_2005-03-XX                                                                                                                                                     0.00%    passed     96.35%
  12  DQ447656_DELIM-DUGTRSPZLTQPEZBYXEZF_Ang0126_DELIM-DUGTRSPZLTQPEZBYXEZF_2005-04-XX                                                                                                                                                      0.00%    passed     96.45%
  13  DQ447654_DELIM-DUGTRSPZLTQPEZBYXEZF_Ang1381_DELIM-DUGTRSPZLTQPEZBYXEZF_2005-03-XX                                                                                                                                                      0.00%    passed     96.34%
  14  DQ447660_DELIM-DUGTRSPZLTQPEZBYXEZF_Ang0998_DELIM-DUGTRSPZLTQPEZBYXEZF_2005-05-XX                                                                                                                                                      0.00%    passed     95.08%
  15  DQ447657_DELIM-DUGTRSPZLTQPEZBYXEZF_Ang0214_DELIM-DUGTRSPZLTQPEZBYXEZF_2005-04-XX                                                                                                                                                      0.00%    passed     96.46%
  16  KY047763_DELIM-DUGTRSPZLTQPEZBYXEZF_Marburgvirus_DELIM-XCYRVSFECTDZRLNSHLKQ_H.sapiens-tc_DELIM-XCYRVSFECTDZRLNSHLKQ_AGO_DELIM-XCYRVSFECTDZRLNSHLKQ_2005_DELIM-XCYRVSFECTDZRLNSHLKQ_Angola-368_DELIM-DUGTRSPZLTQPEZBYXEZF_2005-XX-XX    0.00%    passed     96.34%
  17  DQ447659_DELIM-DUGTRSPZLTQPEZBYXEZF_Ang0754_DELIM-DUGTRSPZLTQPEZBYXEZF_2005-04-XX                                                                                                                                                      0.00%    passed     96.45%
  18  KU978782_DELIM-DUGTRSPZLTQPEZBYXEZF_Angolaprototype20051379_DELIM-DUGTRSPZLTQPEZBYXEZF_2005-01-01                                                                                                                                      0.10%    passed     95.72%
  19  OL702894_DELIM-DUGTRSPZLTQPEZBYXEZF_MARV001_DELIM-DUGTRSPZLTQPEZBYXEZF_2021-09-08                                                                                                                                                      0.29%    passed     98.12%
  20  Ghana-MV-22-106_DELIM-DUGTRSPZLTQPEZBYXEZF_2022-06-XX                                                                                                                                                                                  1.59%    passed     87.64%
  21  Ghana-MV-22-114C_DELIM-DUGTRSPZLTQPEZBYXEZF_2022-06-XX                                                                                                                                                                                 0.33%    passed     97.44%
  22  MN258361_DELIM-DUGTRSPZLTQPEZBYXEZF_PREDICT_SLAB3960Kakbat_SL_2017_DELIM-DUGTRSPZLTQPEZBYXEZF_2017-12-06                                                                                                                               0.07%    passed     82.48%
  23  MN187403_DELIM-DUGTRSPZLTQPEZBYXEZF_1000KasbatSL2018_DELIM-DUGTRSPZLTQPEZBYXEZF_2018-XX-XX                                                                                                                                             0.10%    passed     99.74%
  24  MN187404_DELIM-DUGTRSPZLTQPEZBYXEZF_968KasbatSL2018_DELIM-DUGTRSPZLTQPEZBYXEZF_2018-XX-XX                                                                                                                                              0.10%    passed     99.74%
  25  MN187405_DELIM-DUGTRSPZLTQPEZBYXEZF_960KasbatSL2018_DELIM-DUGTRSPZLTQPEZBYXEZF_2018-XX-XX                                                                                                                                              0.10%    passed     99.74%
  26  MN187406_DELIM-DUGTRSPZLTQPEZBYXEZF_960LNKasbatSL2018_DELIM-DUGTRSPZLTQPEZBYXEZF_2018-XX-XX                                                                                                                                            0.10%    passed     99.74%
  27  DQ447651_DELIM-DUGTRSPZLTQPEZBYXEZF_05DRC99_DELIM-DUGTRSPZLTQPEZBYXEZF_1999-05-XX                                                                                                                                                      0.00%    passed     99.34%
  28  JX458839_DELIM-DUGTRSPZLTQPEZBYXEZF_MARV_DELIM-XCYRVSFECTDZRLNSHLKQ_H.sapiens-tc_DELIM-XCYRVSFECTDZRLNSHLKQ_COD_DELIM-XCYRVSFECTDZRLNSHLKQ_2000_DELIM-XCYRVSFECTDZRLNSHLKQ_16DRC_DELIM-DUGTRSPZLTQPEZBYXEZF_2000-XX-XX                 0.00%    passed     98.88%
  29  JX458838_DELIM-DUGTRSPZLTQPEZBYXEZF_MARV_DELIM-XCYRVSFECTDZRLNSHLKQ_H.sapiens-tc_DELIM-XCYRVSFECTDZRLNSHLKQ_COD_DELIM-XCYRVSFECTDZRLNSHLKQ_2000_DELIM-XCYRVSFECTDZRLNSHLKQ_17DRC_DELIM-DUGTRSPZLTQPEZBYXEZF_2000-XX-XX                 0.00%    passed     98.88%
  30  JX458842_DELIM-DUGTRSPZLTQPEZBYXEZF_MARV_DELIM-XCYRVSFECTDZRLNSHLKQ_H.sapiens-tc_DELIM-XCYRVSFECTDZRLNSHLKQ_COD_DELIM-XCYRVSFECTDZRLNSHLKQ_2000_DELIM-XCYRVSFECTDZRLNSHLKQ_18DRC_DELIM-DUGTRSPZLTQPEZBYXEZF_2000-XX-XX                 0.00%    passed     98.99%
  31  JX458843_DELIM-DUGTRSPZLTQPEZBYXEZF_MARV_DELIM-XCYRVSFECTDZRLNSHLKQ_H.sapiens-tc_DELIM-XCYRVSFECTDZRLNSHLKQ_COD_DELIM-XCYRVSFECTDZRLNSHLKQ_2000_DELIM-XCYRVSFECTDZRLNSHLKQ_21DRC_DELIM-DUGTRSPZLTQPEZBYXEZF_2000-XX-XX                 0.00%    passed     99.09%
  32  JX458841_DELIM-DUGTRSPZLTQPEZBYXEZF_MARV_DELIM-XCYRVSFECTDZRLNSHLKQ_H.sapiens-tc_DELIM-XCYRVSFECTDZRLNSHLKQ_COD_DELIM-XCYRVSFECTDZRLNSHLKQ_2000_DELIM-XCYRVSFECTDZRLNSHLKQ_20DRC_DELIM-DUGTRSPZLTQPEZBYXEZF_2000-XX-XX                 0.00%    passed     98.99%
  33  JX458848_DELIM-DUGTRSPZLTQPEZBYXEZF_MARV_DELIM-XCYRVSFECTDZRLNSHLKQ_H.sapiens-tc_DELIM-XCYRVSFECTDZRLNSHLKQ_COD_DELIM-XCYRVSFECTDZRLNSHLKQ_2000_DELIM-XCYRVSFECTDZRLNSHLKQ_22DRC_DELIM-DUGTRSPZLTQPEZBYXEZF_2000-XX-XX                 0.00%    passed     99.16%
  34  JX458844_DELIM-DUGTRSPZLTQPEZBYXEZF_MARV_DELIM-XCYRVSFECTDZRLNSHLKQ_H.sapiens-tc_DELIM-XCYRVSFECTDZRLNSHLKQ_COD_DELIM-XCYRVSFECTDZRLNSHLKQ_2000_DELIM-XCYRVSFECTDZRLNSHLKQ_26DRC_DELIM-DUGTRSPZLTQPEZBYXEZF_2000-XX-XX                 0.00%    passed     99.17%
  35  JX458836_DELIM-DUGTRSPZLTQPEZBYXEZF_MARV_DELIM-XCYRVSFECTDZRLNSHLKQ_H.sapiens-tc_DELIM-XCYRVSFECTDZRLNSHLKQ_COD_DELIM-XCYRVSFECTDZRLNSHLKQ_2000_DELIM-XCYRVSFECTDZRLNSHLKQ_29DRC_DELIM-DUGTRSPZLTQPEZBYXEZF_2000-XX-XX                 0.00%    passed     98.91%
  36  JX458837_DELIM-DUGTRSPZLTQPEZBYXEZF_MARV_DELIM-XCYRVSFECTDZRLNSHLKQ_H.sapiens-tc_DELIM-XCYRVSFECTDZRLNSHLKQ_COD_DELIM-XCYRVSFECTDZRLNSHLKQ_2000_DELIM-XCYRVSFECTDZRLNSHLKQ_27DRC_DELIM-DUGTRSPZLTQPEZBYXEZF_2000-XX-XX                 0.00%    passed     99.16%
  37  JX458845_DELIM-DUGTRSPZLTQPEZBYXEZF_MARV_DELIM-XCYRVSFECTDZRLNSHLKQ_H.sapiens-tc_DELIM-XCYRVSFECTDZRLNSHLKQ_COD_DELIM-XCYRVSFECTDZRLNSHLKQ_2000_DELIM-XCYRVSFECTDZRLNSHLKQ_13DRC_DELIM-DUGTRSPZLTQPEZBYXEZF_2000-XX-XX                 0.00%    passed     98.69%
  38  JX458846_DELIM-DUGTRSPZLTQPEZBYXEZF_MARV_DELIM-XCYRVSFECTDZRLNSHLKQ_H.sapiens-tc_DELIM-XCYRVSFECTDZRLNSHLKQ_COD_DELIM-XCYRVSFECTDZRLNSHLKQ_2000_DELIM-XCYRVSFECTDZRLNSHLKQ_28DRC_DELIM-DUGTRSPZLTQPEZBYXEZF_2000-XX-XX                 0.00%    passed     99.23%
  39  JX458847_DELIM-DUGTRSPZLTQPEZBYXEZF_MARV_DELIM-XCYRVSFECTDZRLNSHLKQ_H.sapiens-tc_DELIM-XCYRVSFECTDZRLNSHLKQ_COD_DELIM-XCYRVSFECTDZRLNSHLKQ_2000_DELIM-XCYRVSFECTDZRLNSHLKQ_15DRC_DELIM-DUGTRSPZLTQPEZBYXEZF_2000-XX-XX                 0.00%    passed     98.93%
  40  JX458850_DELIM-DUGTRSPZLTQPEZBYXEZF_MARV_DELIM-XCYRVSFECTDZRLNSHLKQ_H.sapiens-tc_DELIM-XCYRVSFECTDZRLNSHLKQ_COD_DELIM-XCYRVSFECTDZRLNSHLKQ_2000_DELIM-XCYRVSFECTDZRLNSHLKQ_33DRC_DELIM-DUGTRSPZLTQPEZBYXEZF_2000-XX-XX                 0.00%    passed     99.60%
  41  JX458849_DELIM-DUGTRSPZLTQPEZBYXEZF_MARV_DELIM-XCYRVSFECTDZRLNSHLKQ_H.sapiens-tc_DELIM-XCYRVSFECTDZRLNSHLKQ_COD_DELIM-XCYRVSFECTDZRLNSHLKQ_2000_DELIM-XCYRVSFECTDZRLNSHLKQ_25DRC_DELIM-DUGTRSPZLTQPEZBYXEZF_2000-XX-XX                 0.00%    passed     99.46%
  42  JX458835_DELIM-DUGTRSPZLTQPEZBYXEZF_MARV_DELIM-XCYRVSFECTDZRLNSHLKQ_H.sapiens-tc_DELIM-XCYRVSFECTDZRLNSHLKQ_COD_DELIM-XCYRVSFECTDZRLNSHLKQ_2000_DELIM-XCYRVSFECTDZRLNSHLKQ_23DRC_DELIM-DUGTRSPZLTQPEZBYXEZF_2000-XX-XX                 0.00%    passed     99.93%
  43  DQ447650_DELIM-DUGTRSPZLTQPEZBYXEZF_07DRC99_DELIM-DUGTRSPZLTQPEZBYXEZF_1999-05-XX                                                                                                                                                      0.00%    passed     99.95%
  44  JX458830_DELIM-DUGTRSPZLTQPEZBYXEZF_MARV_DELIM-XCYRVSFECTDZRLNSHLKQ_H.sapiens-tc_DELIM-XCYRVSFECTDZRLNSHLKQ_COD_DELIM-XCYRVSFECTDZRLNSHLKQ_1999_DELIM-XCYRVSFECTDZRLNSHLKQ_06DRC_DELIM-DUGTRSPZLTQPEZBYXEZF_1999-XX-XX                 0.00%    passed     99.95%
  45  JX458831_DELIM-DUGTRSPZLTQPEZBYXEZF_MARV_DELIM-XCYRVSFECTDZRLNSHLKQ_H.sapiens-tc_DELIM-XCYRVSFECTDZRLNSHLKQ_COD_DELIM-XCYRVSFECTDZRLNSHLKQ_2000_DELIM-XCYRVSFECTDZRLNSHLKQ_14DRC_DELIM-DUGTRSPZLTQPEZBYXEZF_2000-XX-XX                 0.00%    passed     99.90%
  46  JX458832_DELIM-DUGTRSPZLTQPEZBYXEZF_MARV_DELIM-XCYRVSFECTDZRLNSHLKQ_H.sapiens-tc_DELIM-XCYRVSFECTDZRLNSHLKQ_COD_DELIM-XCYRVSFECTDZRLNSHLKQ_2000_DELIM-XCYRVSFECTDZRLNSHLKQ_30DRC_DELIM-DUGTRSPZLTQPEZBYXEZF_2000-XX-XX                 0.00%    passed    100.00%
  47  JX458833_DELIM-DUGTRSPZLTQPEZBYXEZF_MARV_DELIM-XCYRVSFECTDZRLNSHLKQ_H.sapiens-tc_DELIM-XCYRVSFECTDZRLNSHLKQ_COD_DELIM-XCYRVSFECTDZRLNSHLKQ_1999_DELIM-XCYRVSFECTDZRLNSHLKQ_01DRC_DELIM-DUGTRSPZLTQPEZBYXEZF_1999-XX-XX                 0.00%    passed     99.84%
  48  JX458826_DELIM-DUGTRSPZLTQPEZBYXEZF_MARV_DELIM-XCYRVSFECTDZRLNSHLKQ_H.sapiens-tc_DELIM-XCYRVSFECTDZRLNSHLKQ_COD_DELIM-XCYRVSFECTDZRLNSHLKQ_1999_DELIM-XCYRVSFECTDZRLNSHLKQ_03DRC_DELIM-DUGTRSPZLTQPEZBYXEZF_1999-XX-XX                 0.01%    passed     99.77%
  49  JX458825_DELIM-DUGTRSPZLTQPEZBYXEZF_MARV_DELIM-XCYRVSFECTDZRLNSHLKQ_H.sapiens-tc_DELIM-XCYRVSFECTDZRLNSHLKQ_COD_DELIM-XCYRVSFECTDZRLNSHLKQ_1999_DELIM-XCYRVSFECTDZRLNSHLKQ_04DRC_DELIM-DUGTRSPZLTQPEZBYXEZF_1999-XX-XX                 0.01%    passed     99.42%
  50  JX458828_DELIM-DUGTRSPZLTQPEZBYXEZF_MARV_DELIM-XCYRVSFECTDZRLNSHLKQ_H.sapiens-tc_DELIM-XCYRVSFECTDZRLNSHLKQ_COD_DELIM-XCYRVSFECTDZRLNSHLKQ_2000_DELIM-XCYRVSFECTDZRLNSHLKQ_19DRC_DELIM-DUGTRSPZLTQPEZBYXEZF_2000-XX-XX                 0.00%    passed     99.77%
  51  JX458827_DELIM-DUGTRSPZLTQPEZBYXEZF_MARV_DELIM-XCYRVSFECTDZRLNSHLKQ_H.sapiens-tc_DELIM-XCYRVSFECTDZRLNSHLKQ_COD_DELIM-XCYRVSFECTDZRLNSHLKQ_2000_DELIM-XCYRVSFECTDZRLNSHLKQ_32DRC_DELIM-DUGTRSPZLTQPEZBYXEZF_2000-XX-XX                 0.00%    passed     99.67%
  52  JX458829_DELIM-DUGTRSPZLTQPEZBYXEZF_MARV_DELIM-XCYRVSFECTDZRLNSHLKQ_H.sapiens-tc_DELIM-XCYRVSFECTDZRLNSHLKQ_COD_DELIM-XCYRVSFECTDZRLNSHLKQ_2000_DELIM-XCYRVSFECTDZRLNSHLKQ_34DRC_DELIM-DUGTRSPZLTQPEZBYXEZF_2000-XX-XX                 0.00%    passed     99.92%
  53  FJ750958_DELIM-DUGTRSPZLTQPEZBYXEZF_Uganda371Bat2007_DELIM-DUGTRSPZLTQPEZBYXEZF_2007-XX-XX                                                                                                                                             0.00%    passed     98.94%
  54  FJ750959_DELIM-DUGTRSPZLTQPEZBYXEZF_Uganda331Bat2007_DELIM-DUGTRSPZLTQPEZBYXEZF_2007-XX-XX                                                                                                                                             0.00%    passed     99.22%
  55  JX458854_DELIM-DUGTRSPZLTQPEZBYXEZF_MARV_DELIM-XCYRVSFECTDZRLNSHLKQ_R.aegyptiacus-tc_DELIM-XCYRVSFECTDZRLNSHLKQ_UGA_DELIM-XCYRVSFECTDZRLNSHLKQ_2009_DELIM-XCYRVSFECTDZRLNSHLKQ_1175Qbat_DELIM-DUGTRSPZLTQPEZBYXEZF_2009-XX-XX          0.00%    passed     99.89%
  56  JX458852_DELIM-DUGTRSPZLTQPEZBYXEZF_MARV_DELIM-XCYRVSFECTDZRLNSHLKQ_R.aegyptiacus-tc_DELIM-XCYRVSFECTDZRLNSHLKQ_UGA_DELIM-XCYRVSFECTDZRLNSHLKQ_2008_DELIM-XCYRVSFECTDZRLNSHLKQ_53Qbat_DELIM-DUGTRSPZLTQPEZBYXEZF_2008-XX-XX            0.00%    passed     99.29%
  57  FJ750957_DELIM-DUGTRSPZLTQPEZBYXEZF_Uganda01Uga07_DELIM-DUGTRSPZLTQPEZBYXEZF_2007-XX-XX                                                                                                                                                0.00%    passed     99.34%
  58  JX458855_DELIM-DUGTRSPZLTQPEZBYXEZF_MARV_DELIM-XCYRVSFECTDZRLNSHLKQ_R.aegyptiacus-tc_DELIM-XCYRVSFECTDZRLNSHLKQ_UGA_DELIM-XCYRVSFECTDZRLNSHLKQ_2009_DELIM-XCYRVSFECTDZRLNSHLKQ_843Qbat_DELIM-DUGTRSPZLTQPEZBYXEZF_2009-XX-XX           0.00%    passed     98.90%
  59  JX458856_DELIM-DUGTRSPZLTQPEZBYXEZF_MARV_DELIM-XCYRVSFECTDZRLNSHLKQ_R.aegyptiacus-tc_DELIM-XCYRVSFECTDZRLNSHLKQ_UGA_DELIM-XCYRVSFECTDZRLNSHLKQ_2009_DELIM-XCYRVSFECTDZRLNSHLKQ_914Qbat_DELIM-DUGTRSPZLTQPEZBYXEZF_2009-XX-XX           0.00%    passed     99.40%
****  TOTAL                                                                                                                                                                                                                                  0.05%  0 sequences failed composition chi2 test (p-value<5%; df=3)
NOTE: MN187404_DELIM-DUGTRSPZLTQPEZBYXEZF_968KasbatSL2018_DELIM-DUGTRSPZLTQPEZBYXEZF_2018-XX-XX is identical to MN187403_DELIM-DUGTRSPZLTQPEZBYXEZF_1000KasbatSL2018_DELIM-DUGTRSPZLTQPEZBYXEZF_2018-XX-XX but kept for subsequent analysis
NOTE: JX458838_DELIM-DUGTRSPZLTQPEZBYXEZF_MARV_DELIM-XCYRVSFECTDZRLNSHLKQ_H.sapiens-tc_DELIM-XCYRVSFECTDZRLNSHLKQ_COD_DELIM-XCYRVSFECTDZRLNSHLKQ_2000_DELIM-XCYRVSFECTDZRLNSHLKQ_17DRC_DELIM-DUGTRSPZLTQPEZBYXEZF_2000-XX-XX is identical to JX458839_DELIM-DUGTRSPZLTQPEZBYXEZF_MARV_DELIM-XCYRVSFECTDZRLNSHLKQ_H.sapiens-tc_DELIM-XCYRVSFECTDZRLNSHLKQ_COD_DELIM-XCYRVSFECTDZRLNSHLKQ_2000_DELIM-XCYRVSFECTDZRLNSHLKQ_16DRC_DELIM-DUGTRSPZLTQPEZBYXEZF_2000-XX-XX but kept for subsequent analysis
NOTE: JX458830_DELIM-DUGTRSPZLTQPEZBYXEZF_MARV_DELIM-XCYRVSFECTDZRLNSHLKQ_H.sapiens-tc_DELIM-XCYRVSFECTDZRLNSHLKQ_COD_DELIM-XCYRVSFECTDZRLNSHLKQ_1999_DELIM-XCYRVSFECTDZRLNSHLKQ_06DRC_DELIM-DUGTRSPZLTQPEZBYXEZF_1999-XX-XX is identical to DQ447650_DELIM-DUGTRSPZLTQPEZBYXEZF_07DRC99_DELIM-DUGTRSPZLTQPEZBYXEZF_1999-05-XX but kept for subsequent analysis
NOTE: 2 identical sequences (see below) will be ignored for subsequent analysis
NOTE: MN187405_DELIM-DUGTRSPZLTQPEZBYXEZF_960KasbatSL2018_DELIM-DUGTRSPZLTQPEZBYXEZF_2018-XX-XX (identical to MN187403_DELIM-DUGTRSPZLTQPEZBYXEZF_1000KasbatSL2018_DELIM-DUGTRSPZLTQPEZBYXEZF_2018-XX-XX) is ignored but added at the end
NOTE: MN187406_DELIM-DUGTRSPZLTQPEZBYXEZF_960LNKasbatSL2018_DELIM-DUGTRSPZLTQPEZBYXEZF_2018-XX-XX (identical to MN187403_DELIM-DUGTRSPZLTQPEZBYXEZF_1000KasbatSL2018_DELIM-DUGTRSPZLTQPEZBYXEZF_2018-XX-XX) is ignored but added at the end
Alignment was printed to results/aligned-delim.fasta.uniqueseq.phy

For your convenience alignment with unique sequences printed to results/aligned-delim.fasta.uniqueseq.phy

Create initial parsimony tree by phylogenetic likelihood library (PLL)... 0.007 seconds

NOTE: 2 MB RAM (0 GB) is required!
Estimate model parameters (epsilon = 0.500)
1. Initial log-likelihood: -60715.214
2. Current log-likelihood: -57436.953
3. Current log-likelihood: -57039.472
Optimal log-likelihood: -57039.378
Rate parameters:  A-C: 1.07321  A-G: 9.79483  A-T: 0.55828  C-G: 0.06765  C-T: 12.46841  G-T: 1.00000
Base frequencies:  A: 0.324  C: 0.197  G: 0.186  T: 0.293
Parameters optimization took 3 rounds (0.173 sec)
Computing ML distances based on estimated model parameters...
Computing ML distances took 0.010506 sec (of wall-clock time) 0.010508 sec(of CPU time)
Computing RapidNJ tree took 0.000203 sec (of wall-clock time) 0.000203 sec (of CPU time)
Log-likelihood of RapidNJ tree: -57151.365
--------------------------------------------------------------------
|             INITIALIZING CANDIDATE TREE SET                      |
--------------------------------------------------------------------

Do NNI search on 2 best initial trees
Estimate model parameters (epsilon = 0.500)
BETTER TREE FOUND at iteration 1: -57037.146
Finish initializing candidate tree set (4)
Current best tree score: -57037.146 / CPU time: 0.082
Number of iterations: 2
TREE SEARCH COMPLETED AFTER 2 ITERATIONS / Time: 0h:0m:0s

--------------------------------------------------------------------
|                    FINALIZING TREE SEARCH                        |
--------------------------------------------------------------------
Performs final model parameters optimization
Estimate model parameters (epsilon = 0.050)
1. Initial log-likelihood: -57037.146
Optimal log-likelihood: -57037.145
Rate parameters:  A-C: 1.07349  A-G: 9.79484  A-T: 0.55821  C-G: 0.06904  C-T: 12.46838  G-T: 1.00000
Base frequencies:  A: 0.324  C: 0.197  G: 0.186  T: 0.293
Parameters optimization took 1 rounds (0.015 sec)
BEST SCORE FOUND : -57037.145
Total tree length: 0.281

Total number of iterations: 2
CPU time used for tree search: 0.144 sec (0h:0m:0s)
Wall-clock time used for tree search: 0.082 sec (0h:0m:0s)
Total CPU time used: 0.408 sec (0h:0m:0s)
Total wall-clock time used: 0.320 sec (0h:0m:0s)

Analysis results written to: 
  IQ-TREE report:                results/aligned-delim.fasta.iqtree
  Maximum-likelihood tree:       results/aligned-delim.fasta.treefile
  Likelihood distances:          results/aligned-delim.fasta.mldist
  Screen log file:               results/aligned-delim.fasta.log

Date and Time: Tue Aug 16 20:00:20 2022
